<?xml version="1.0" encoding="UTF-8"?>
<!-- Generated by org.testng.reporters.JUnitReportReporter -->
<testsuite hostname="LAPTOP-VTUPPFCA" failures="0" tests="1" name="Testcases.verifySignup" time="11.030" errors="0" timestamp="2023-02-12T20:04:21 IST" skipped="0">
  <testcase classname="Testcases.verifySignup" name="signup" time="11.030"/>
  <system-out/>
</testsuite> <!-- Testcases.verifySignup -->
